<?xml version="1.0" encoding="UTF-8"?>
<!-- Generated by org.testng.reporters.JUnitReportReporter -->
<testsuite hostname="Pramod" failures="0" tests="1" name="ContactsTests.CreateContactTest" time="26.138" errors="0" timestamp="2024-01-16T21:14:56 IST" skipped="0">
  <testcase classname="ContactsTests.CreateContactTest" name="createContactWithMF" time="26.138"/>
</testsuite> <!-- ContactsTests.CreateContactTest -->
