<?xml version="1.0" encoding="UTF-8"?>
<!-- Generated by org.testng.reporters.JUnitReportReporter -->
<testsuite hostname="Pramod" failures="0" tests="1" name="ProductsTest.CreateProductTest" time="24.799" errors="0" timestamp="2024-01-16T21:32:05 IST" skipped="0">
  <testcase classname="ProductsTest.CreateProductTest" name="createProductWithMF" time="24.799"/>
</testsuite> <!-- ProductsTest.CreateProductTest -->
