<?xml version="1.0" encoding="UTF-8"?>
<!-- Generated by org.testng.reporters.JUnitReportReporter -->
<testsuite hostname="Pramod" failures="0" tests="1" name="LeadsTest.CreateLeadTest" time="25.740" errors="0" timestamp="2024-01-16T21:45:06 IST" skipped="0">
  <testcase classname="LeadsTest.CreateLeadTest" name="createLeadWithMF" time="25.740"/>
</testsuite> <!-- LeadsTest.CreateLeadTest -->
