<?xml version="1.0" encoding="UTF-8"?>
<!-- Generated by org.testng.reporters.JUnitReportReporter -->
<testsuite hostname="Pramod" failures="0" tests="1" name="CalenderPopups.DateProgram" time="0.174" errors="0" timestamp="2024-02-05T17:22:25 IST" skipped="0">
  <testcase classname="CalenderPopups.DateProgram" name="sample" time="0.174"/>
</testsuite> <!-- CalenderPopups.DateProgram -->
